{"/Users/aumik/work/demo/src/AboutPage.jsx": {"path":"/Users/aumik/work/demo/src/AboutPage.jsx","statementMap":{"0":{"start":{"line":4,"column":2},"end":{"line":10,"column":4}}},"fnMap":{"0":{"name":"AboutPage","decl":{"start":{"line":3,"column":24},"end":{"line":3,"column":33}},"loc":{"start":{"line":3,"column":36},"end":{"line":11,"column":1}},"line":3}},"branchMap":{},"s":{"0":2},"f":{"0":2},"b":{},"_coverageSchema":"1a1c01bbd47fc00a2c39e90264f33305004495a9","hash":"f371ebb7865ae406a93c78b5e98febe3842d9572"}
,"/Users/aumik/work/demo/src/App.jsx": {"path":"/Users/aumik/work/demo/src/App.jsx","statementMap":{"0":{"start":{"line":16,"column":2},"end":{"line":31,"column":4}}},"fnMap":{"0":{"name":"App","decl":{"start":{"line":15,"column":24},"end":{"line":15,"column":27}},"loc":{"start":{"line":15,"column":30},"end":{"line":32,"column":1}},"line":15}},"branchMap":{},"s":{"0":4},"f":{"0":4},"b":{},"_coverageSchema":"1a1c01bbd47fc00a2c39e90264f33305004495a9","hash":"ffa8ad6c210df920064bf9b15ed94b4fbe027640"}
,"/Users/aumik/work/demo/src/CategoriesContainer.jsx": {"path":"/Users/aumik/work/demo/src/CategoriesContainer.jsx","statementMap":{"0":{"start":{"line":15,"column":19},"end":{"line":15,"column":32}},"1":{"start":{"line":16,"column":21},"end":{"line":16,"column":51}},"2":{"start":{"line":17,"column":27},"end":{"line":17,"column":63}},"3":{"start":{"line":20,"column":4},"end":{"line":20,"column":41}},"4":{"start":{"line":21,"column":4},"end":{"line":21,"column":32}},"5":{"start":{"line":23,"column":2},"end":{"line":41,"column":4}},"6":{"start":{"line":26,"column":8},"end":{"line":38,"column":13}},"7":{"start":{"line":29,"column":27},"end":{"line":29,"column":51}}},"fnMap":{"0":{"name":"CategoriesContainer","decl":{"start":{"line":14,"column":24},"end":{"line":14,"column":43}},"loc":{"start":{"line":14,"column":46},"end":{"line":42,"column":1}},"line":14},"1":{"name":"handleClick","decl":{"start":{"line":19,"column":11},"end":{"line":19,"column":22}},"loc":{"start":{"line":19,"column":35},"end":{"line":22,"column":3}},"line":19},"2":{"name":"(anonymous_2)","decl":{"start":{"line":25,"column":22},"end":{"line":25,"column":23}},"loc":{"start":{"line":26,"column":8},"end":{"line":38,"column":13}},"line":26},"3":{"name":"(anonymous_3)","decl":{"start":{"line":29,"column":21},"end":{"line":29,"column":22}},"loc":{"start":{"line":29,"column":27},"end":{"line":29,"column":51}},"line":29}},"branchMap":{"0":{"loc":{"start":{"line":32,"column":13},"end":{"line":36,"column":20}},"type":"cond-expr","locations":[{"start":{"line":33,"column":14},"end":{"line":35,"column":17}},{"start":{"line":36,"column":16},"end":{"line":36,"column":20}}],"line":32},"1":{"loc":{"start":{"line":34,"column":17},"end":{"line":34,"column":67}},"type":"cond-expr","locations":[{"start":{"line":34,"column":55},"end":{"line":34,"column":60}},{"start":{"line":34,"column":63},"end":{"line":34,"column":67}}],"line":34}},"s":{"0":4,"1":4,"2":4,"3":1,"4":1,"5":4,"6":3,"7":1},"f":{"0":4,"1":1,"2":3,"3":1},"b":{"0":[0,3],"1":[0,0]},"_coverageSchema":"1a1c01bbd47fc00a2c39e90264f33305004495a9","hash":"561e846094be955e9d471b6a5ebcabaaee4c1018"}
,"/Users/aumik/work/demo/src/HomePage.jsx": {"path":"/Users/aumik/work/demo/src/HomePage.jsx","statementMap":{"0":{"start":{"line":6,"column":2},"end":{"line":15,"column":4}}},"fnMap":{"0":{"name":"HomePage","decl":{"start":{"line":5,"column":24},"end":{"line":5,"column":32}},"loc":{"start":{"line":5,"column":35},"end":{"line":16,"column":1}},"line":5}},"branchMap":{},"s":{"0":2},"f":{"0":2},"b":{},"_coverageSchema":"1a1c01bbd47fc00a2c39e90264f33305004495a9","hash":"da604b3c558d6e5de88660095a5c38b987d4ecbb"}
,"/Users/aumik/work/demo/src/MenuItems.jsx": {"path":"/Users/aumik/work/demo/src/MenuItems.jsx","statementMap":{"0":{"start":{"line":4,"column":2},"end":{"line":8,"column":3}},"1":{"start":{"line":5,"column":4},"end":{"line":7,"column":6}},"2":{"start":{"line":9,"column":2},"end":{"line":17,"column":4}},"3":{"start":{"line":12,"column":8},"end":{"line":14,"column":13}}},"fnMap":{"0":{"name":"MenuItems","decl":{"start":{"line":3,"column":24},"end":{"line":3,"column":33}},"loc":{"start":{"line":3,"column":49},"end":{"line":18,"column":1}},"line":3},"1":{"name":"(anonymous_1)","decl":{"start":{"line":11,"column":21},"end":{"line":11,"column":22}},"loc":{"start":{"line":12,"column":8},"end":{"line":14,"column":13}},"line":12}},"branchMap":{"0":{"loc":{"start":{"line":4,"column":2},"end":{"line":8,"column":3}},"type":"if","locations":[{"start":{"line":4,"column":2},"end":{"line":8,"column":3}},{"start":{"line":4,"column":2},"end":{"line":8,"column":3}}],"line":4},"1":{"loc":{"start":{"line":4,"column":6},"end":{"line":4,"column":42}},"type":"binary-expr","locations":[{"start":{"line":4,"column":6},"end":{"line":4,"column":16}},{"start":{"line":4,"column":20},"end":{"line":4,"column":42}}],"line":4}},"s":{"0":5,"1":4,"2":1,"3":1},"f":{"0":5,"1":1},"b":{"0":[4,1],"1":[5,2]},"_coverageSchema":"1a1c01bbd47fc00a2c39e90264f33305004495a9","hash":"f62fe2875fa727ec11d3abc1fb281001da6f4c00"}
,"/Users/aumik/work/demo/src/NotFoundPage.jsx": {"path":"/Users/aumik/work/demo/src/NotFoundPage.jsx","statementMap":{"0":{"start":{"line":4,"column":2},"end":{"line":8,"column":4}}},"fnMap":{"0":{"name":"NotFoundPage","decl":{"start":{"line":3,"column":24},"end":{"line":3,"column":36}},"loc":{"start":{"line":3,"column":39},"end":{"line":9,"column":1}},"line":3}},"branchMap":{},"s":{"0":2},"f":{"0":2},"b":{},"_coverageSchema":"1a1c01bbd47fc00a2c39e90264f33305004495a9","hash":"c89ff5e9b76e6b70bff3661a6e2eee81f83896ff"}
,"/Users/aumik/work/demo/src/RegionsContainer.jsx": {"path":"/Users/aumik/work/demo/src/RegionsContainer.jsx","statementMap":{"0":{"start":{"line":15,"column":19},"end":{"line":15,"column":32}},"1":{"start":{"line":16,"column":18},"end":{"line":16,"column":45}},"2":{"start":{"line":17,"column":25},"end":{"line":17,"column":59}},"3":{"start":{"line":20,"column":4},"end":{"line":20,"column":37}},"4":{"start":{"line":21,"column":4},"end":{"line":21,"column":32}},"5":{"start":{"line":23,"column":2},"end":{"line":43,"column":4}},"6":{"start":{"line":26,"column":8},"end":{"line":40,"column":13}},"7":{"start":{"line":29,"column":27},"end":{"line":29,"column":49}}},"fnMap":{"0":{"name":"RegionsContainer","decl":{"start":{"line":14,"column":24},"end":{"line":14,"column":40}},"loc":{"start":{"line":14,"column":43},"end":{"line":44,"column":1}},"line":14},"1":{"name":"handleClick","decl":{"start":{"line":19,"column":11},"end":{"line":19,"column":22}},"loc":{"start":{"line":19,"column":33},"end":{"line":22,"column":3}},"line":19},"2":{"name":"(anonymous_2)","decl":{"start":{"line":25,"column":19},"end":{"line":25,"column":20}},"loc":{"start":{"line":26,"column":8},"end":{"line":40,"column":13}},"line":26},"3":{"name":"(anonymous_3)","decl":{"start":{"line":29,"column":21},"end":{"line":29,"column":22}},"loc":{"start":{"line":29,"column":27},"end":{"line":29,"column":49}},"line":29}},"branchMap":{"0":{"loc":{"start":{"line":32,"column":13},"end":{"line":38,"column":20}},"type":"cond-expr","locations":[{"start":{"line":33,"column":14},"end":{"line":37,"column":17}},{"start":{"line":38,"column":16},"end":{"line":38,"column":20}}],"line":32},"1":{"loc":{"start":{"line":35,"column":18},"end":{"line":35,"column":64}},"type":"cond-expr","locations":[{"start":{"line":35,"column":52},"end":{"line":35,"column":57}},{"start":{"line":35,"column":60},"end":{"line":35,"column":64}}],"line":35}},"s":{"0":4,"1":4,"2":4,"3":1,"4":1,"5":4,"6":4,"7":1},"f":{"0":4,"1":1,"2":4,"3":1},"b":{"0":[0,4],"1":[0,0]},"_coverageSchema":"1a1c01bbd47fc00a2c39e90264f33305004495a9","hash":"b86cd3b3cae38f44c29830f74e87a4b8802bd81c"}
,"/Users/aumik/work/demo/src/RestaurantContainer.jsx": {"path":"/Users/aumik/work/demo/src/RestaurantContainer.jsx","statementMap":{"0":{"start":{"line":12,"column":19},"end":{"line":12,"column":32}},"1":{"start":{"line":13,"column":2},"end":{"line":15,"column":9}},"2":{"start":{"line":14,"column":4},"end":{"line":14,"column":47}},"3":{"start":{"line":16,"column":21},"end":{"line":16,"column":51}},"4":{"start":{"line":18,"column":2},"end":{"line":22,"column":3}},"5":{"start":{"line":19,"column":4},"end":{"line":21,"column":6}},"6":{"start":{"line":24,"column":2},"end":{"line":26,"column":4}}},"fnMap":{"0":{"name":"RestaurantContainer","decl":{"start":{"line":11,"column":24},"end":{"line":11,"column":43}},"loc":{"start":{"line":11,"column":62},"end":{"line":27,"column":1}},"line":11},"1":{"name":"(anonymous_1)","decl":{"start":{"line":13,"column":12},"end":{"line":13,"column":13}},"loc":{"start":{"line":13,"column":18},"end":{"line":15,"column":3}},"line":13}},"branchMap":{"0":{"loc":{"start":{"line":18,"column":2},"end":{"line":22,"column":3}},"type":"if","locations":[{"start":{"line":18,"column":2},"end":{"line":22,"column":3}},{"start":{"line":18,"column":2},"end":{"line":22,"column":3}}],"line":18}},"s":{"0":2,"1":2,"2":2,"3":2,"4":2,"5":0,"6":2},"f":{"0":2,"1":2},"b":{"0":[0,2]},"_coverageSchema":"1a1c01bbd47fc00a2c39e90264f33305004495a9","hash":"8e4aec069144a89a08d1ca18f64d61fc987b9ec2"}
,"/Users/aumik/work/demo/src/RestaurantDetail.jsx": {"path":"/Users/aumik/work/demo/src/RestaurantDetail.jsx","statementMap":{"0":{"start":{"line":6,"column":39},"end":{"line":6,"column":49}},"1":{"start":{"line":7,"column":2},"end":{"line":18,"column":4}}},"fnMap":{"0":{"name":"RestaurantDetail","decl":{"start":{"line":5,"column":24},"end":{"line":5,"column":40}},"loc":{"start":{"line":5,"column":57},"end":{"line":19,"column":1}},"line":5}},"branchMap":{},"s":{"0":3,"1":3},"f":{"0":3},"b":{},"_coverageSchema":"1a1c01bbd47fc00a2c39e90264f33305004495a9","hash":"a99224029879cf49783da80e9b63d2d72f11ad95"}
,"/Users/aumik/work/demo/src/RestaurantPage.jsx": {"path":"/Users/aumik/work/demo/src/RestaurantPage.jsx","statementMap":{"0":{"start":{"line":8,"column":17},"end":{"line":8,"column":38}},"1":{"start":{"line":9,"column":2},"end":{"line":11,"column":4}}},"fnMap":{"0":{"name":"RestaurantPage","decl":{"start":{"line":7,"column":24},"end":{"line":7,"column":38}},"loc":{"start":{"line":7,"column":51},"end":{"line":12,"column":1}},"line":7}},"branchMap":{"0":{"loc":{"start":{"line":8,"column":17},"end":{"line":8,"column":38}},"type":"binary-expr","locations":[{"start":{"line":8,"column":17},"end":{"line":8,"column":23}},{"start":{"line":8,"column":27},"end":{"line":8,"column":38}}],"line":8}},"s":{"0":1,"1":1},"f":{"0":1},"b":{"0":[1,0]},"_coverageSchema":"1a1c01bbd47fc00a2c39e90264f33305004495a9","hash":"8deab8586a16d116e6a41dcde3ebdab39282e489"}
,"/Users/aumik/work/demo/src/RestaurantsContainer.jsx": {"path":"/Users/aumik/work/demo/src/RestaurantsContainer.jsx","statementMap":{"0":{"start":{"line":10,"column":22},"end":{"line":10,"column":53}},"1":{"start":{"line":13,"column":4},"end":{"line":16,"column":6}},"2":{"start":{"line":14,"column":6},"end":{"line":14,"column":29}},"3":{"start":{"line":15,"column":6},"end":{"line":15,"column":36}},"4":{"start":{"line":18,"column":2},"end":{"line":28,"column":4}},"5":{"start":{"line":21,"column":8},"end":{"line":25,"column":13}}},"fnMap":{"0":{"name":"RestaurantsContainer","decl":{"start":{"line":9,"column":24},"end":{"line":9,"column":44}},"loc":{"start":{"line":9,"column":68},"end":{"line":29,"column":1}},"line":9},"1":{"name":"handleClick","decl":{"start":{"line":12,"column":11},"end":{"line":12,"column":22}},"loc":{"start":{"line":12,"column":35},"end":{"line":17,"column":3}},"line":12},"2":{"name":"(anonymous_2)","decl":{"start":{"line":13,"column":11},"end":{"line":13,"column":12}},"loc":{"start":{"line":13,"column":22},"end":{"line":16,"column":5}},"line":13},"3":{"name":"(anonymous_3)","decl":{"start":{"line":20,"column":23},"end":{"line":20,"column":24}},"loc":{"start":{"line":21,"column":8},"end":{"line":25,"column":13}},"line":21}},"branchMap":{},"s":{"0":4,"1":3,"2":0,"3":0,"4":4,"5":3},"f":{"0":4,"1":3,"2":0,"3":3},"b":{},"_coverageSchema":"1a1c01bbd47fc00a2c39e90264f33305004495a9","hash":"762d7a943c5d5c20d56dab320c65210075065e55"}
,"/Users/aumik/work/demo/src/RestaurantsPage.jsx": {"path":"/Users/aumik/work/demo/src/RestaurantsPage.jsx","statementMap":{"0":{"start":{"line":16,"column":18},"end":{"line":16,"column":30}},"1":{"start":{"line":17,"column":19},"end":{"line":17,"column":32}},"2":{"start":{"line":18,"column":2},"end":{"line":20,"column":5}},"3":{"start":{"line":19,"column":4},"end":{"line":19,"column":32}},"4":{"start":{"line":23,"column":16},"end":{"line":23,"column":47}},"5":{"start":{"line":24,"column":4},"end":{"line":24,"column":22}},"6":{"start":{"line":27,"column":2},"end":{"line":33,"column":4}}},"fnMap":{"0":{"name":"RestaurantsPage","decl":{"start":{"line":15,"column":24},"end":{"line":15,"column":39}},"loc":{"start":{"line":15,"column":42},"end":{"line":34,"column":1}},"line":15},"1":{"name":"(anonymous_1)","decl":{"start":{"line":18,"column":12},"end":{"line":18,"column":13}},"loc":{"start":{"line":18,"column":18},"end":{"line":20,"column":3}},"line":18},"2":{"name":"handleClickRestaurant","decl":{"start":{"line":22,"column":11},"end":{"line":22,"column":32}},"loc":{"start":{"line":22,"column":45},"end":{"line":25,"column":3}},"line":22}},"branchMap":{},"s":{"0":3,"1":3,"2":3,"3":3,"4":0,"5":0,"6":3},"f":{"0":3,"1":3,"2":0},"b":{},"_coverageSchema":"1a1c01bbd47fc00a2c39e90264f33305004495a9","hash":"05532947ffa1f19c4d7ac997b9724fa14e6388c0"}
,"/Users/aumik/work/demo/src/actions.js": {"path":"/Users/aumik/work/demo/src/actions.js","statementMap":{"0":{"start":{"line":9,"column":2},"end":{"line":12,"column":4}},"1":{"start":{"line":16,"column":2},"end":{"line":19,"column":4}},"2":{"start":{"line":23,"column":2},"end":{"line":26,"column":4}},"3":{"start":{"line":30,"column":2},"end":{"line":33,"column":4}},"4":{"start":{"line":37,"column":2},"end":{"line":40,"column":4}},"5":{"start":{"line":44,"column":2},"end":{"line":47,"column":4}},"6":{"start":{"line":51,"column":2},"end":{"line":56,"column":4}},"7":{"start":{"line":52,"column":20},"end":{"line":52,"column":40}},"8":{"start":{"line":53,"column":23},"end":{"line":53,"column":46}},"9":{"start":{"line":54,"column":4},"end":{"line":54,"column":34}},"10":{"start":{"line":55,"column":4},"end":{"line":55,"column":40}},"11":{"start":{"line":60,"column":2},"end":{"line":73,"column":4}},"12":{"start":{"line":64,"column":8},"end":{"line":64,"column":18}},"13":{"start":{"line":65,"column":4},"end":{"line":67,"column":5}},"14":{"start":{"line":66,"column":6},"end":{"line":66,"column":13}},"15":{"start":{"line":68,"column":24},"end":{"line":71,"column":6}},"16":{"start":{"line":72,"column":4},"end":{"line":72,"column":42}},"17":{"start":{"line":77,"column":2},"end":{"line":80,"column":4}},"18":{"start":{"line":78,"column":23},"end":{"line":78,"column":62}},"19":{"start":{"line":79,"column":4},"end":{"line":79,"column":40}}},"fnMap":{"0":{"name":"setRegions","decl":{"start":{"line":8,"column":16},"end":{"line":8,"column":26}},"loc":{"start":{"line":8,"column":36},"end":{"line":13,"column":1}},"line":8},"1":{"name":"setCategories","decl":{"start":{"line":15,"column":16},"end":{"line":15,"column":29}},"loc":{"start":{"line":15,"column":42},"end":{"line":20,"column":1}},"line":15},"2":{"name":"setRestaurants","decl":{"start":{"line":22,"column":16},"end":{"line":22,"column":30}},"loc":{"start":{"line":22,"column":44},"end":{"line":27,"column":1}},"line":22},"3":{"name":"setRestaurant","decl":{"start":{"line":29,"column":16},"end":{"line":29,"column":29}},"loc":{"start":{"line":29,"column":42},"end":{"line":34,"column":1}},"line":29},"4":{"name":"selectRegion","decl":{"start":{"line":36,"column":16},"end":{"line":36,"column":28}},"loc":{"start":{"line":36,"column":39},"end":{"line":41,"column":1}},"line":36},"5":{"name":"selectCategory","decl":{"start":{"line":43,"column":16},"end":{"line":43,"column":30}},"loc":{"start":{"line":43,"column":43},"end":{"line":48,"column":1}},"line":43},"6":{"name":"loadInitialData","decl":{"start":{"line":50,"column":16},"end":{"line":50,"column":31}},"loc":{"start":{"line":50,"column":34},"end":{"line":57,"column":1}},"line":50},"7":{"name":"(anonymous_7)","decl":{"start":{"line":51,"column":9},"end":{"line":51,"column":10}},"loc":{"start":{"line":51,"column":29},"end":{"line":56,"column":3}},"line":51},"8":{"name":"loadRestaurants","decl":{"start":{"line":59,"column":16},"end":{"line":59,"column":31}},"loc":{"start":{"line":59,"column":34},"end":{"line":74,"column":1}},"line":59},"9":{"name":"(anonymous_9)","decl":{"start":{"line":60,"column":9},"end":{"line":60,"column":10}},"loc":{"start":{"line":60,"column":39},"end":{"line":73,"column":3}},"line":60},"10":{"name":"loadRestaurant","decl":{"start":{"line":76,"column":16},"end":{"line":76,"column":30}},"loc":{"start":{"line":76,"column":49},"end":{"line":81,"column":1}},"line":76},"11":{"name":"(anonymous_11)","decl":{"start":{"line":77,"column":9},"end":{"line":77,"column":10}},"loc":{"start":{"line":77,"column":29},"end":{"line":80,"column":3}},"line":77}},"branchMap":{"0":{"loc":{"start":{"line":65,"column":4},"end":{"line":67,"column":5}},"type":"if","locations":[{"start":{"line":65,"column":4},"end":{"line":67,"column":5}},{"start":{"line":65,"column":4},"end":{"line":67,"column":5}}],"line":65},"1":{"loc":{"start":{"line":65,"column":8},"end":{"line":65,"column":28}},"type":"binary-expr","locations":[{"start":{"line":65,"column":8},"end":{"line":65,"column":15}},{"start":{"line":65,"column":19},"end":{"line":65,"column":28}}],"line":65}},"s":{"0":1,"1":1,"2":1,"3":1,"4":2,"5":2,"6":3,"7":0,"8":0,"9":0,"10":0,"11":2,"12":0,"13":0,"14":0,"15":0,"16":0,"17":2,"18":0,"19":0},"f":{"0":1,"1":1,"2":1,"3":1,"4":2,"5":2,"6":3,"7":0,"8":2,"9":0,"10":2,"11":0},"b":{"0":[0,0],"1":[0,0]},"_coverageSchema":"1a1c01bbd47fc00a2c39e90264f33305004495a9","hash":"1a2d27efb85ff2fd772d0052ce63916ee96ccb2d"}
,"/Users/aumik/work/demo/src/reducer.js": {"path":"/Users/aumik/work/demo/src/reducer.js","statementMap":{"0":{"start":{"line":5,"column":21},"end":{"line":12,"column":1}},"1":{"start":{"line":14,"column":17},"end":{"line":53,"column":1}},"2":{"start":{"line":16,"column":4},"end":{"line":19,"column":6}},"3":{"start":{"line":22,"column":4},"end":{"line":25,"column":6}},"4":{"start":{"line":28,"column":4},"end":{"line":31,"column":6}},"5":{"start":{"line":34,"column":4},"end":{"line":37,"column":6}},"6":{"start":{"line":40,"column":24},"end":{"line":40,"column":29}},"7":{"start":{"line":41,"column":4},"end":{"line":44,"column":6}},"8":{"start":{"line":47,"column":27},"end":{"line":47,"column":32}},"9":{"start":{"line":48,"column":4},"end":{"line":51,"column":6}},"10":{"start":{"line":56,"column":2},"end":{"line":56,"column":15}},"11":{"start":{"line":60,"column":2},"end":{"line":60,"column":66}}},"fnMap":{"0":{"name":"(anonymous_0)","decl":{"start":{"line":15,"column":2},"end":{"line":15,"column":3}},"loc":{"start":{"line":15,"column":46},"end":{"line":20,"column":3}},"line":15},"1":{"name":"(anonymous_1)","decl":{"start":{"line":21,"column":2},"end":{"line":21,"column":3}},"loc":{"start":{"line":21,"column":52},"end":{"line":26,"column":3}},"line":21},"2":{"name":"(anonymous_2)","decl":{"start":{"line":27,"column":2},"end":{"line":27,"column":3}},"loc":{"start":{"line":27,"column":54},"end":{"line":32,"column":3}},"line":27},"3":{"name":"(anonymous_3)","decl":{"start":{"line":33,"column":2},"end":{"line":33,"column":3}},"loc":{"start":{"line":33,"column":52},"end":{"line":38,"column":3}},"line":33},"4":{"name":"(anonymous_4)","decl":{"start":{"line":39,"column":2},"end":{"line":39,"column":3}},"loc":{"start":{"line":39,"column":49},"end":{"line":45,"column":3}},"line":39},"5":{"name":"(anonymous_5)","decl":{"start":{"line":46,"column":2},"end":{"line":46,"column":3}},"loc":{"start":{"line":46,"column":53},"end":{"line":52,"column":3}},"line":46},"6":{"name":"defaultReducer","decl":{"start":{"line":55,"column":9},"end":{"line":55,"column":23}},"loc":{"start":{"line":55,"column":31},"end":{"line":57,"column":1}},"line":55},"7":{"name":"reducer","decl":{"start":{"line":59,"column":24},"end":{"line":59,"column":31}},"loc":{"start":{"line":59,"column":62},"end":{"line":61,"column":1}},"line":59}},"branchMap":{"0":{"loc":{"start":{"line":59,"column":32},"end":{"line":59,"column":52}},"type":"default-arg","locations":[{"start":{"line":59,"column":40},"end":{"line":59,"column":52}}],"line":59},"1":{"loc":{"start":{"line":60,"column":10},"end":{"line":60,"column":49}},"type":"binary-expr","locations":[{"start":{"line":60,"column":10},"end":{"line":60,"column":31}},{"start":{"line":60,"column":35},"end":{"line":60,"column":49}}],"line":60}},"s":{"0":1,"1":1,"2":1,"3":1,"4":1,"5":1,"6":1,"7":1,"8":1,"9":1,"10":0,"11":6},"f":{"0":1,"1":1,"2":1,"3":1,"4":1,"5":1,"6":0,"7":6},"b":{"0":[0],"1":[6,0]},"_coverageSchema":"1a1c01bbd47fc00a2c39e90264f33305004495a9","hash":"05e6ce8a57098b37f9bbdc2dd71b79c85391f465"}
,"/Users/aumik/work/demo/src/utils.js": {"path":"/Users/aumik/work/demo/src/utils.js","statementMap":{"0":{"start":{"line":2,"column":2},"end":{"line":2,"column":27}},"1":{"start":{"line":2,"column":18},"end":{"line":2,"column":26}},"2":{"start":{"line":6,"column":2},"end":{"line":6,"column":37}},"3":{"start":{"line":6,"column":18},"end":{"line":6,"column":36}}},"fnMap":{"0":{"name":"get","decl":{"start":{"line":1,"column":16},"end":{"line":1,"column":19}},"loc":{"start":{"line":1,"column":25},"end":{"line":3,"column":1}},"line":1},"1":{"name":"(anonymous_1)","decl":{"start":{"line":2,"column":9},"end":{"line":2,"column":10}},"loc":{"start":{"line":2,"column":18},"end":{"line":2,"column":26}},"line":2},"2":{"name":"equal","decl":{"start":{"line":5,"column":16},"end":{"line":5,"column":21}},"loc":{"start":{"line":5,"column":34},"end":{"line":7,"column":1}},"line":5},"3":{"name":"(anonymous_3)","decl":{"start":{"line":6,"column":9},"end":{"line":6,"column":10}},"loc":{"start":{"line":6,"column":18},"end":{"line":6,"column":36}},"line":6}},"branchMap":{},"s":{"0":24,"1":24,"2":4,"3":4},"f":{"0":24,"1":24,"2":4,"3":4},"b":{},"_coverageSchema":"1a1c01bbd47fc00a2c39e90264f33305004495a9","hash":"b0d07d95bf2733f4aa682a79807a53dc876b405a"}
,"/Users/aumik/work/demo/src/services/api.js": {"path":"/Users/aumik/work/demo/src/services/api.js","statementMap":{"0":{"start":{"line":2,"column":14},"end":{"line":2,"column":64}},"1":{"start":{"line":3,"column":19},"end":{"line":3,"column":35}},"2":{"start":{"line":4,"column":15},"end":{"line":4,"column":36}},"3":{"start":{"line":5,"column":2},"end":{"line":5,"column":14}},"4":{"start":{"line":9,"column":14},"end":{"line":9,"column":67}},"5":{"start":{"line":10,"column":19},"end":{"line":10,"column":35}},"6":{"start":{"line":11,"column":15},"end":{"line":11,"column":36}},"7":{"start":{"line":12,"column":2},"end":{"line":12,"column":14}},"8":{"start":{"line":16,"column":14},"end":{"line":17,"column":50}},"9":{"start":{"line":18,"column":19},"end":{"line":18,"column":35}},"10":{"start":{"line":19,"column":15},"end":{"line":19,"column":36}},"11":{"start":{"line":20,"column":2},"end":{"line":20,"column":14}},"12":{"start":{"line":24,"column":14},"end":{"line":24,"column":84}},"13":{"start":{"line":25,"column":19},"end":{"line":25,"column":35}},"14":{"start":{"line":26,"column":15},"end":{"line":26,"column":36}},"15":{"start":{"line":27,"column":2},"end":{"line":27,"column":14}}},"fnMap":{"0":{"name":"fetchRegions","decl":{"start":{"line":1,"column":22},"end":{"line":1,"column":34}},"loc":{"start":{"line":1,"column":37},"end":{"line":6,"column":1}},"line":1},"1":{"name":"fetchCategories","decl":{"start":{"line":8,"column":22},"end":{"line":8,"column":37}},"loc":{"start":{"line":8,"column":40},"end":{"line":13,"column":1}},"line":8},"2":{"name":"fetchRestaurants","decl":{"start":{"line":15,"column":22},"end":{"line":15,"column":38}},"loc":{"start":{"line":15,"column":67},"end":{"line":21,"column":1}},"line":15},"3":{"name":"fetchRestaurant","decl":{"start":{"line":23,"column":22},"end":{"line":23,"column":37}},"loc":{"start":{"line":23,"column":56},"end":{"line":28,"column":1}},"line":23}},"branchMap":{},"s":{"0":0,"1":0,"2":0,"3":0,"4":0,"5":0,"6":0,"7":0,"8":0,"9":0,"10":0,"11":0,"12":0,"13":0,"14":0,"15":0},"f":{"0":0,"1":0,"2":0,"3":0},"b":{},"_coverageSchema":"1a1c01bbd47fc00a2c39e90264f33305004495a9","hash":"fc8a6adf4613343c7242d79e548f4509732c15c8"}
}
