{"/Users/aumik/work/demo/src/App.jsx": {"path":"/Users/aumik/work/demo/src/App.jsx","statementMap":{"0":{"start":{"line":6,"column":28},"end":{"line":13,"column":4}},"1":{"start":{"line":15,"column":38},"end":{"line":15,"column":43}},"2":{"start":{"line":18,"column":4},"end":{"line":25,"column":7}},"3":{"start":{"line":29,"column":4},"end":{"line":32,"column":7}},"4":{"start":{"line":36,"column":4},"end":{"line":39,"column":7}},"5":{"start":{"line":38,"column":37},"end":{"line":38,"column":51}},"6":{"start":{"line":42,"column":2},"end":{"line":50,"column":4}}},"fnMap":{"0":{"name":"App","decl":{"start":{"line":5,"column":24},"end":{"line":5,"column":27}},"loc":{"start":{"line":5,"column":30},"end":{"line":51,"column":1}},"line":5},"1":{"name":"handleClickAddTask","decl":{"start":{"line":17,"column":11},"end":{"line":17,"column":29}},"loc":{"start":{"line":17,"column":32},"end":{"line":26,"column":3}},"line":17},"2":{"name":"handleChangeTitle","decl":{"start":{"line":28,"column":11},"end":{"line":28,"column":28}},"loc":{"start":{"line":28,"column":36},"end":{"line":33,"column":3}},"line":28},"3":{"name":"handleClickDeleteTask","decl":{"start":{"line":35,"column":11},"end":{"line":35,"column":32}},"loc":{"start":{"line":35,"column":37},"end":{"line":40,"column":3}},"line":35},"4":{"name":"(anonymous_4)","decl":{"start":{"line":38,"column":26},"end":{"line":38,"column":27}},"loc":{"start":{"line":38,"column":37},"end":{"line":38,"column":51}},"line":38}},"branchMap":{},"s":{"0":1,"1":1,"2":0,"3":0,"4":0,"5":0,"6":1},"f":{"0":1,"1":0,"2":0,"3":0,"4":0},"b":{},"_coverageSchema":"1a1c01bbd47fc00a2c39e90264f33305004495a9","hash":"eb15cb6c83a02e3636f8533f9a3edee57850d7ba"}
,"/Users/aumik/work/demo/src/Input.jsx": {"path":"/Users/aumik/work/demo/src/Input.jsx","statementMap":{"0":{"start":{"line":4,"column":2},"end":{"line":14,"column":4}}},"fnMap":{"0":{"name":"Input","decl":{"start":{"line":3,"column":24},"end":{"line":3,"column":29}},"loc":{"start":{"line":3,"column":60},"end":{"line":15,"column":1}},"line":3}},"branchMap":{},"s":{"0":3},"f":{"0":3},"b":{},"_coverageSchema":"1a1c01bbd47fc00a2c39e90264f33305004495a9","hash":"442d1db0e48a9c7210bdf92015b351df8ce58279"}
,"/Users/aumik/work/demo/src/Item.jsx": {"path":"/Users/aumik/work/demo/src/Item.jsx","statementMap":{"0":{"start":{"line":4,"column":2},"end":{"line":13,"column":4}},"1":{"start":{"line":9,"column":43},"end":{"line":9,"column":54}}},"fnMap":{"0":{"name":"Item","decl":{"start":{"line":3,"column":24},"end":{"line":3,"column":28}},"loc":{"start":{"line":3,"column":63},"end":{"line":14,"column":1}},"line":3},"1":{"name":"(anonymous_1)","decl":{"start":{"line":9,"column":37},"end":{"line":9,"column":38}},"loc":{"start":{"line":9,"column":43},"end":{"line":9,"column":54}},"line":9}},"branchMap":{},"s":{"0":9,"1":2},"f":{"0":9,"1":2},"b":{},"_coverageSchema":"1a1c01bbd47fc00a2c39e90264f33305004495a9","hash":"73b900e4a095bbd0317c7a585321f24144589cf6"}
,"/Users/aumik/work/demo/src/List.jsx": {"path":"/Users/aumik/work/demo/src/List.jsx","statementMap":{"0":{"start":{"line":5,"column":2},"end":{"line":9,"column":3}},"1":{"start":{"line":6,"column":4},"end":{"line":8,"column":6}},"2":{"start":{"line":10,"column":2},"end":{"line":20,"column":4}},"3":{"start":{"line":13,"column":8},"end":{"line":17,"column":10}}},"fnMap":{"0":{"name":"List","decl":{"start":{"line":4,"column":24},"end":{"line":4,"column":28}},"loc":{"start":{"line":4,"column":55},"end":{"line":21,"column":1}},"line":4},"1":{"name":"(anonymous_1)","decl":{"start":{"line":12,"column":17},"end":{"line":12,"column":18}},"loc":{"start":{"line":13,"column":8},"end":{"line":17,"column":10}},"line":13}},"branchMap":{"0":{"loc":{"start":{"line":5,"column":2},"end":{"line":9,"column":3}},"type":"if","locations":[{"start":{"line":5,"column":2},"end":{"line":9,"column":3}},{"start":{"line":5,"column":2},"end":{"line":9,"column":3}}],"line":5}},"s":{"0":5,"1":1,"2":4,"3":8},"f":{"0":5,"1":8},"b":{"0":[1,4]},"_coverageSchema":"1a1c01bbd47fc00a2c39e90264f33305004495a9","hash":"9d97b8752b15d2ce80f91325f1e0b9c5a93bff3a"}
,"/Users/aumik/work/demo/src/Page.jsx": {"path":"/Users/aumik/work/demo/src/Page.jsx","statementMap":{"0":{"start":{"line":9,"column":2},"end":{"line":22,"column":4}}},"fnMap":{"0":{"name":"Page","decl":{"start":{"line":6,"column":24},"end":{"line":6,"column":28}},"loc":{"start":{"line":8,"column":3},"end":{"line":23,"column":1}},"line":8}},"branchMap":{},"s":{"0":2},"f":{"0":2},"b":{},"_coverageSchema":"1a1c01bbd47fc00a2c39e90264f33305004495a9","hash":"e2f904ac3e307e40bae0185fb5eb1511a87c2791"}
}
