TN:
SF:src/App.jsx
FN:5,App
FN:17,handleClickAddTask
FN:28,handleChangeTitle
FN:35,handleClickDeleteTask
FN:38,(anonymous_4)
FNF:5
FNH:1
FNDA:1,App
FNDA:0,handleClickAddTask
FNDA:0,handleChangeTitle
FNDA:0,handleClickDeleteTask
FNDA:0,(anonymous_4)
DA:6,1
DA:15,1
DA:18,0
DA:29,0
DA:36,0
DA:38,0
DA:42,1
LF:7
LH:3
BRF:0
BRH:0
end_of_record
TN:
SF:src/Input.jsx
FN:3,Input
FNF:1
FNH:1
FNDA:3,Input
DA:4,3
LF:1
LH:1
BRF:0
BRH:0
end_of_record
TN:
SF:src/Item.jsx
FN:3,Item
FN:9,(anonymous_1)
FNF:2
FNH:2
FNDA:9,Item
FNDA:2,(anonymous_1)
DA:4,9
DA:9,2
LF:2
LH:2
BRF:0
BRH:0
end_of_record
TN:
SF:src/List.jsx
FN:4,List
FN:12,(anonymous_1)
FNF:2
FNH:2
FNDA:5,List
FNDA:8,(anonymous_1)
DA:5,5
DA:6,1
DA:10,4
DA:13,8
LF:4
LH:4
BRDA:5,0,0,1
BRDA:5,0,1,4
BRF:2
BRH:2
end_of_record
TN:
SF:src/Page.jsx
FN:6,Page
FNF:1
FNH:1
FNDA:2,Page
DA:9,2
LF:1
LH:1
BRF:0
BRH:0
end_of_record
