TN:
SF:src/AboutPage.jsx
FN:3,AboutPage
FNF:1
FNH:1
FNDA:2,AboutPage
DA:4,2
LF:1
LH:1
BRF:0
BRH:0
end_of_record
TN:
SF:src/App.jsx
FN:15,App
FNF:1
FNH:1
FNDA:4,App
DA:16,4
LF:1
LH:1
BRF:0
BRH:0
end_of_record
TN:
SF:src/CategoriesContainer.jsx
FN:14,CategoriesContainer
FN:19,handleClick
FN:25,(anonymous_2)
FN:29,(anonymous_3)
FNF:4
FNH:4
FNDA:4,CategoriesContainer
FNDA:1,handleClick
FNDA:3,(anonymous_2)
FNDA:1,(anonymous_3)
DA:15,4
DA:16,4
DA:17,4
DA:20,1
DA:21,1
DA:23,4
DA:26,3
DA:29,1
LF:8
LH:8
BRDA:32,0,0,0
BRDA:32,0,1,3
BRDA:34,1,0,0
BRDA:34,1,1,0
BRF:4
BRH:1
end_of_record
TN:
SF:src/HomePage.jsx
FN:5,HomePage
FNF:1
FNH:1
FNDA:2,HomePage
DA:6,2
LF:1
LH:1
BRF:0
BRH:0
end_of_record
TN:
SF:src/MenuItems.jsx
FN:3,MenuItems
FN:11,(anonymous_1)
FNF:2
FNH:2
FNDA:5,MenuItems
FNDA:1,(anonymous_1)
DA:4,5
DA:5,4
DA:9,1
DA:12,1
LF:4
LH:4
BRDA:4,0,0,4
BRDA:4,0,1,1
BRDA:4,1,0,5
BRDA:4,1,1,2
BRF:4
BRH:4
end_of_record
TN:
SF:src/NotFoundPage.jsx
FN:3,NotFoundPage
FNF:1
FNH:1
FNDA:2,NotFoundPage
DA:4,2
LF:1
LH:1
BRF:0
BRH:0
end_of_record
TN:
SF:src/RegionsContainer.jsx
FN:14,RegionsContainer
FN:19,handleClick
FN:25,(anonymous_2)
FN:29,(anonymous_3)
FNF:4
FNH:4
FNDA:4,RegionsContainer
FNDA:1,handleClick
FNDA:4,(anonymous_2)
FNDA:1,(anonymous_3)
DA:15,4
DA:16,4
DA:17,4
DA:20,1
DA:21,1
DA:23,4
DA:26,4
DA:29,1
LF:8
LH:8
BRDA:32,0,0,0
BRDA:32,0,1,4
BRDA:35,1,0,0
BRDA:35,1,1,0
BRF:4
BRH:1
end_of_record
TN:
SF:src/RestaurantContainer.jsx
FN:11,RestaurantContainer
FN:13,(anonymous_1)
FNF:2
FNH:2
FNDA:2,RestaurantContainer
FNDA:2,(anonymous_1)
DA:12,2
DA:13,2
DA:14,2
DA:16,2
DA:18,2
DA:19,0
DA:24,2
LF:7
LH:6
BRDA:18,0,0,0
BRDA:18,0,1,2
BRF:2
BRH:1
end_of_record
TN:
SF:src/RestaurantDetail.jsx
FN:5,RestaurantDetail
FNF:1
FNH:1
FNDA:3,RestaurantDetail
DA:6,3
DA:7,3
LF:2
LH:2
BRF:0
BRH:0
end_of_record
TN:
SF:src/RestaurantPage.jsx
FN:7,RestaurantPage
FNF:1
FNH:1
FNDA:1,RestaurantPage
DA:8,1
DA:9,1
LF:2
LH:2
BRDA:8,0,0,1
BRDA:8,0,1,0
BRF:2
BRH:1
end_of_record
TN:
SF:src/RestaurantsContainer.jsx
FN:9,RestaurantsContainer
FN:12,handleClick
FN:13,(anonymous_2)
FN:20,(anonymous_3)
FNF:4
FNH:3
FNDA:4,RestaurantsContainer
FNDA:3,handleClick
FNDA:0,(anonymous_2)
FNDA:3,(anonymous_3)
DA:10,4
DA:13,3
DA:14,0
DA:15,0
DA:18,4
DA:21,3
LF:6
LH:4
BRF:0
BRH:0
end_of_record
TN:
SF:src/RestaurantsPage.jsx
FN:15,RestaurantsPage
FN:18,(anonymous_1)
FN:22,handleClickRestaurant
FNF:3
FNH:2
FNDA:3,RestaurantsPage
FNDA:3,(anonymous_1)
FNDA:0,handleClickRestaurant
DA:16,3
DA:17,3
DA:18,3
DA:19,3
DA:23,0
DA:24,0
DA:27,3
LF:7
LH:5
BRF:0
BRH:0
end_of_record
TN:
SF:src/actions.js
FN:8,setRegions
FN:15,setCategories
FN:22,setRestaurants
FN:29,setRestaurant
FN:36,selectRegion
FN:43,selectCategory
FN:50,loadInitialData
FN:51,(anonymous_7)
FN:59,loadRestaurants
FN:60,(anonymous_9)
FN:76,loadRestaurant
FN:77,(anonymous_11)
FNF:12
FNH:9
FNDA:1,setRegions
FNDA:1,setCategories
FNDA:1,setRestaurants
FNDA:1,setRestaurant
FNDA:2,selectRegion
FNDA:2,selectCategory
FNDA:3,loadInitialData
FNDA:0,(anonymous_7)
FNDA:2,loadRestaurants
FNDA:0,(anonymous_9)
FNDA:2,loadRestaurant
FNDA:0,(anonymous_11)
DA:9,1
DA:16,1
DA:23,1
DA:30,1
DA:37,2
DA:44,2
DA:51,3
DA:52,0
DA:53,0
DA:54,0
DA:55,0
DA:60,2
DA:64,0
DA:65,0
DA:66,0
DA:68,0
DA:72,0
DA:77,2
DA:78,0
DA:79,0
LF:20
LH:9
BRDA:65,0,0,0
BRDA:65,0,1,0
BRDA:65,1,0,0
BRDA:65,1,1,0
BRF:4
BRH:0
end_of_record
TN:
SF:src/reducer.js
FN:15,(anonymous_0)
FN:21,(anonymous_1)
FN:27,(anonymous_2)
FN:33,(anonymous_3)
FN:39,(anonymous_4)
FN:46,(anonymous_5)
FN:55,defaultReducer
FN:59,reducer
FNF:8
FNH:7
FNDA:1,(anonymous_0)
FNDA:1,(anonymous_1)
FNDA:1,(anonymous_2)
FNDA:1,(anonymous_3)
FNDA:1,(anonymous_4)
FNDA:1,(anonymous_5)
FNDA:0,defaultReducer
FNDA:6,reducer
DA:5,1
DA:14,1
DA:16,1
DA:22,1
DA:28,1
DA:34,1
DA:40,1
DA:41,1
DA:47,1
DA:48,1
DA:56,0
DA:60,6
LF:12
LH:11
BRDA:59,0,0,0
BRDA:60,1,0,6
BRDA:60,1,1,0
BRF:3
BRH:1
end_of_record
TN:
SF:src/utils.js
FN:1,get
FN:2,(anonymous_1)
FN:5,equal
FN:6,(anonymous_3)
FNF:4
FNH:4
FNDA:24,get
FNDA:24,(anonymous_1)
FNDA:4,equal
FNDA:4,(anonymous_3)
DA:2,24
DA:6,4
LF:2
LH:2
BRF:0
BRH:0
end_of_record
TN:
SF:src/services/api.js
FN:1,fetchRegions
FN:8,fetchCategories
FN:15,fetchRestaurants
FN:23,fetchRestaurant
FNF:4
FNH:0
FNDA:0,fetchRegions
FNDA:0,fetchCategories
FNDA:0,fetchRestaurants
FNDA:0,fetchRestaurant
DA:2,0
DA:3,0
DA:4,0
DA:5,0
DA:9,0
DA:10,0
DA:11,0
DA:12,0
DA:16,0
DA:18,0
DA:19,0
DA:20,0
DA:24,0
DA:25,0
DA:26,0
DA:27,0
LF:16
LH:0
BRF:0
BRH:0
end_of_record
